Local Date: Fri Feb  8 04:27:27 2019
Build info: Jan  9 2019 17:11:12 ?

INFO    ( 4:27:27:381 |    0)  14086; [rp] {"rtc.video.mute_me":true,"che.video.local.send":false}
INFO    ( 4:27:27:381 |    0)  14086; [rp] {"rtc.audio.mute_me":true,"che.audio.mute_me":true}
INFO    ( 4:27:27:381 |    0)  14086; [rp] {"rtc.video.set_remote_default_video_stream_type":0}
INFO    ( 4:27:27:381 |    0)  14086; API call to SetRemoteDefaultVideoStreamType: 0
INFO    ( 4:27:27:381 |    0)  14086; [rp] {"che.video.local.camera_index":1024}
INFO    ( 4:27:27:381 |    0)  14086; [rp] {"rtc.video.enabled":true}
INFO    ( 4:27:27:381 |    0)  14086; API call to enable video
INFO    ( 4:27:27:381 |    0)  14086; [rp] {"che.video.recording":false}
INFO    ( 4:27:27:381 |    0)  14086; [rs] updateServers 199.190.44.36:8000, priority 1
INFO    ( 4:27:27:381 |    0)  14086; [rs] updateServers 199.190.44.37:8000, priority 1
INFO    ( 4:27:27:382 |    1)  14086; [rlbs] selected: 52.80.192.229:9700
INFO    ( 4:27:27:382 |    0)  14086; [rlbs] request rs list from 52.80.192.229:9700 with fake ch report_lbs_1549600047382.......
INFO    ( 4:27:27:382 |    0)  14086; ***CALL BEGIN: appid:'f5****************************39' cname:'abc' info:'' sid:'F4E9B5DAE70F480790D04E0964F58B34'
INFO    ( 4:27:27:382 |    0)  14086; addRef of media engine, ref=1
INFO    ( 4:27:27:382 |    0)  14086; [che] create chat engine, ctx:(nil)
INFO    ( 4:27:27:382 |    0)  14086; [MYDEBUG] large group call false
INFO    ( 4:27:27:382 |    0)  14086; ChatEngineParameterHelper::applyMediaEngineMode: 
INFO    ( 4:27:27:382 |    0)  14086; applyMediaEngineMode(): Hardware encoding false Hardware decoding false
INFO    ( 4:27:27:382 |    0)  14086; engine git commit version:9cccc21 and branch:(detached
INFO    ( 4:27:27:398 |   16)  14088; Thread with name:external_audio_module_thread started 
INFO    ( 4:27:27:399 |    1)  14089; Thread with name:WebRtc_event_timer_thread started 
INFO    ( 4:27:27:399 |    0)  14086; StereoPlayoutIsAvailable(), output: available=0
INFO    ( 4:27:27:399 |    0)  14086; StereoRecordingIsAvailable(), output: available=0
INFO    ( 4:27:27:400 |    1)  14090; Thread with name:EngineMonitorThread started 
INFO    ( 4:27:27:400 |    0)  14086; setMuteStatus, muted: On
INFO    ( 4:27:27:400 |    0)  14086; setMuteOutput, muted: false
INFO    ( 4:27:27:400 |    0)  14086; Audio Engine Init success
INFO    ( 4:27:27:401 |    1)  14086; Available number of cores:1
INFO    ( 4:27:27:401 |    0)  14086; PipelineManager::SetDest  engine = 0x7fc260158910
INFO    ( 4:27:27:401 |    0)  14086; CreateVideoSendTrack
INFO    ( 4:27:27:401 |    0)  14086; init: feature prerotation disabled
INFO    ( 4:27:27:401 |    0)  14086; Agora Engine video codec set to custom mode role mode 0
INFO    ( 4:27:27:401 |    0)  14086; Agora Engine video codec index 1
INFO    ( 4:27:27:401 |    0)  14086; Agora Engine video stream type = 0
INFO    ( 4:27:27:405 |    4)  14091; Thread with name:VideoEncodeThread started 
INFO    ( 4:27:27:405 |    0)  14086; last unique frame idx: -1 - -1
INFO    ( 4:27:27:405 |    0)  14086; EncoderWrapper::Create hardware_ = 0, hardware_low_ = 0
INFO    ( 4:27:27:405 |    0)  14086; low bit rate limit 1785856
INFO    ( 4:27:27:405 |    0)  14086; dont need to increase unique frame idx
INFO    ( 4:27:27:405 |    0)  14086; the init unique frame idx: -1 - -1
INFO    ( 4:27:27:408 |    3)  14092; Thread with name:VideoProcessThread started 
INFO    ( 4:27:27:408 |    0)  14086; setCodec: index=1 width=640 height=360 framerate=15
INFO    ( 4:27:27:408 |    0)  14086; EnableLowBitRateStream: dual streams enabled 1
INFO    ( 4:27:27:408 |    0)  14086; h264WebInteropEnable: enable 0
INFO    ( 4:27:27:408 |    0)  14086; setCaptureDevice: index=1024
INFO    ( 4:27:27:408 |    0)  14086; setMaxVideoBitrate: max bitrate=0
INFO    ( 4:27:27:408 |    0)  14086; more fec enable 0 curr fec method 0
INFO    ( 4:27:27:408 |    0)  14086; video fec method 0
INFO    ( 4:27:27:408 |    0)  14086; dynamic sending rate control enabled 0.

ERROR   ( 4:27:27:408 |    0)  14086; videoEngine created and initialize here
INFO    ( 4:27:27:408 |    0)  14086; CreateVideoSendTrack
INFO    ( 4:27:27:408 |    0)  14086; [MIO] updateCapturer: ((nil)), type:(1)
INFO    ( 4:27:27:408 |    0)  14086; CreateAgoraDefaultCapture: type=0
INFO    ( 4:27:27:408 |    0)  14086; VideoSendTrackImpl::UpdateCapturer capturer=0x7fc2601766c0
INFO    ( 4:27:27:408 |    0)  14086; CreateVideoCapturer: interface=0x7fc2601766c0
INFO    ( 4:27:27:408 |    0)  14086; [MIO] updateLocalRender: ((nil)), type:(1)
INFO    ( 4:27:27:408 |    0)  14086; CreateAgoraDefaultRender
INFO    ( 4:27:27:408 |    0)  14086; VideoSendTrackImpl::UpdateRenderer, renderer=0x7fc2601d8e60
INFO    ( 4:27:27:408 |    0)  14086; CreateVideoRenderer: interface=0x7fc2601d8e60
INFO    ( 4:27:27:408 |    0)  14086; [MIO] video send track prepared !!
INFO    ( 4:27:27:408 |    0)  14086; [che] applyVideoProfile: 640x360 15 fps 500 kbps, orientationMode 2
INFO    ( 4:27:27:408 |    0)  14086; validateVideoParameters: validate video parameters resolution 640x360, fps 15, rate 500000
INFO    ( 4:27:27:408 |    0)  14086; setMaxVideoBitrate: max bitrate=500000
INFO    ( 4:27:27:408 |    0)  14086; setCodecRates: set frame rate to 15
INFO    ( 4:27:27:408 |    0)  14086; setCodec: index=1 width=640 height=360 framerate=15
INFO    ( 4:27:27:408 |    0)  14086; setCodecResolution: set to 360 x 640
INFO    ( 4:27:27:408 |    0)  14086; setCodec: index=1 width=360 height=640 framerate=15
WARN    ( 4:27:27:408 |    0)  14086; setCodec: codec resolution width (360) < height (&u)
INFO    ( 4:27:27:509 |  101)  14093; Thread with name:VideoEncodeThread started 
INFO    ( 4:27:27:509 |    0)  14086; last unique frame idx: -1 - -1
INFO    ( 4:27:27:509 |    0)  14086; EncoderWrapper::Create hardware_ = 0, hardware_low_ = 0
INFO    ( 4:27:27:509 |    0)  14086; low bit rate limit 134217728
INFO    ( 4:27:27:509 |    0)  14086; dont need to increase unique frame idx
INFO    ( 4:27:27:509 |    0)  14086; the init unique frame idx: -1 - -1
INFO    ( 4:27:27:509 |    0)  14086; SetTargetWidthHeight width:640, height:360
INFO    ( 4:27:27:509 |    0)  14086; [che] chat engine initialized
INFO    ( 4:27:27:510 |    1)  14086; [vocs] vocs initialized
WARN    ( 4:27:27:511 |    1)  14086; create socket error: Operation not permitted
INFO    ( 4:27:27:511 |    0)  14086; CacheManager: save cache to storage elapsed 0
INFO    ( 4:27:27:511 |    0)  14086; [cm] emit join channel signal, size=2
INFO    ( 4:27:27:511 |    0)  14086; CacheManager: save cache to storage elapsed 0
INFO    ( 4:27:27:511 |    0)  14086; [vocs] lookup channel...
INFO    ( 4:27:27:511 |    0)  14086; [vocs] selected: 123.155.153.69:8000
INFO    ( 4:27:27:511 |    0)  14086; connecting to 123.155.153.69:8000 handle 601d2430, 23
INFO    ( 4:27:27:511 |    0)  14086; [vocs] report bitrate: a/v/t: 50/500/550
INFO    ( 4:27:27:511 |    0)  14086; [vocs] creating channel with 123.155.153.69:8000, ts 1549600047511.......
INFO    ( 4:27:27:511 |    0)  14086; [vocs] selected: 221.228.202.134:8000
INFO    ( 4:27:27:511 |    0)  14086; [vocs] report bitrate: a/v/t: 50/500/550
INFO    ( 4:27:27:511 |    0)  14086; [vocs] creating channel with 221.228.202.134:8000, ts 1549600047511.......
INFO    ( 4:27:27:511 |    0)  14086; [vocs] selected: 183.236.26.162:8000
INFO    ( 4:27:27:511 |    0)  14086; [vocs] report bitrate: a/v/t: 50/500/550
INFO    ( 4:27:27:511 |    0)  14086; [vocs] creating channel with 183.236.26.162:8000, ts 1549600047511.......
INFO    ( 4:27:27:511 |    0)  14086; [ap] selected: 220.194.237.6:8000
INFO    ( 4:27:27:511 |    0)  14086; [ap] creating channel with 220.194.237.6:8000, ts 3101339267, flag: 2
INFO    ( 4:27:27:511 |    0)  14086; [ap] selected: 42.202.132.197:8000
INFO    ( 4:27:27:511 |    0)  14086; [ap] creating channel with 42.202.132.197:8000, ts 3101339267, flag: 2
INFO    ( 4:27:27:511 |    0)  14086; [ap] selected: 223.111.250.6:8000
INFO    ( 4:27:27:511 |    0)  14086; [ap] creating channel with 223.111.250.6:8000, ts 3101339267, flag: 2
INFO    ( 4:27:27:511 |    0)  14086; [rp] {"che.audio.audioSampleRate":48000}
INFO    ( 4:27:27:511 |    0)  14086; [ap/u] **responsed from 42.202.132.197:8000, CDS(8).
INFO    ( 4:27:27:511 |    0)  14086; [ap] onAPCdsRes success with config: ¸™
INFO    ( 4:27:27:512 |    1)  14086; [cs] applied directly: {}
INFO    ( 4:27:27:512 |    0)  14086; CacheManager: save cache to storage elapsed 0
INFO    ( 4:27:27:512 |    0)  14086; [dns] parsed ip 3.0.163.78
INFO    ( 4:27:27:512 |    0)  14086; [dns] parsed ip 47.74.211.17
INFO    ( 4:27:27:512 |    0)  14086; [dns] parsed ip 203.60.2.40
INFO    ( 4:27:27:512 |    0)  14086; [dns] parsed ip 52.68.71.190
INFO    ( 4:27:27:512 |    0)  14086; [dns] parsed ip 199.190.44.35
INFO    ( 4:27:27:512 |    0)  14086; [dns] parsed ip 128.1.87.155
INFO    ( 4:27:27:512 |    0)  14086; [dns] parsed ip 199.190.44.37
INFO    ( 4:27:27:512 |    0)  14086; [dns] parsed ip 128.1.33.166
INFO    ( 4:27:27:512 |    0)  14086; [rs] dns parse result code: 0, servers size: 2
INFO    ( 4:27:27:512 |    0)  14086; [rs] updateServers 199.190.44.37:8000, priority from 1 to 2
INFO    ( 4:27:27:512 |    0)  14086; [rs] updateServers 128.1.33.166:8000, priority 2
INFO    ( 4:27:27:512 |    0)  14086; [dns] parsed ip 203.60.2.40
INFO    ( 4:27:27:512 |    0)  14086; [dns] parsed ip 47.74.211.17
INFO    ( 4:27:27:512 |    0)  14086; [dns] parsed ip 128.1.87.155
INFO    ( 4:27:27:512 |    0)  14086; [dns] parsed ip 3.0.163.78
INFO    ( 4:27:27:512 |    0)  14086; [dns] parsed ip 199.190.44.35
INFO    ( 4:27:27:512 |    0)  14086; [dns] parsed ip 52.68.71.190
INFO    ( 4:27:27:512 |    0)  14086; [ap] onParsedDns with err 0, 203.60.2.40, 47.74.211.17, 128.1.87.155, 3.0.163.78, 199.190.44.35, 52.68.71.190, 
INFO    ( 4:27:27:512 |    0)  14086; [dns] parsed ip 128.1.87.155
INFO    ( 4:27:27:512 |    0)  14086; [dns] parsed ip 3.0.163.78
INFO    ( 4:27:27:512 |    0)  14086; [dns] parsed ip 203.60.2.40
INFO    ( 4:27:27:512 |    0)  14086; [dns] parsed ip 199.190.44.35
INFO    ( 4:27:27:512 |    0)  14086; [dns] parsed ip 47.74.211.17
INFO    ( 4:27:27:512 |    0)  14086; [dns] parsed ip 52.68.71.190
INFO    ( 4:27:27:624 |  112)  14086; [ap/u] **responsed from 223.111.250.6:8000, CDS(8).
INFO    ( 4:27:27:626 |    2)  14086; [rlbs/u] responsed from 52.80.192.229:9700 with servers 128.1.87.196:8913
INFO    ( 4:27:27:626 |    0)  14086; [rs] updateServers 128.1.87.196:8913, priority 3
INFO    ( 4:27:27:626 |    0)  14086; [rs] updateServers 199.190.44.37:8913, priority 3
INFO    ( 4:27:27:626 |    0)  14086; [rs] updateServers 103.193.127.73:8913, priority 3
INFO    ( 4:27:27:635 |    9)  14086; [vocs/u] **responsed from 221.228.202.134:8000, 3 vos, elapsed 264, server ts 1549600047586, wan ip 35.******.199
INFO    ( 4:27:27:635 |    0)  14086; [vos] added server: 103.193.127.82:4002
INFO    ( 4:27:27:635 |    0)  14086; [vos] added server: 107.155.29.138:4008
INFO    ( 4:27:27:635 |    0)  14086; [vos] added server: 103.230.251.244:4006
INFO    ( 4:27:27:635 |    0)  14086; [ch0] vos initialized
INFO    ( 4:27:27:635 |    0)  14086; [vos] selected: 103.230.251.244:4006
ERROR   ( 4:27:27:635 |    0)  14086; [ch0] login strategy=2
INFO    ( 4:27:27:635 |    0)  14086; [ds]: ver 1 ds '{"streamType":5}'
INFO    ( 4:27:27:635 |    0)  14086; [ch0] Login VOS (proto:10, cid:1814354847, uid:728410058, ts:1549600047635, ticket size:76 ds:1 stream:+A+VH) 2: 103.230.251.244:4006
INFO    ( 4:27:27:639 |    4)  14086; [ap/u] **responsed from 220.194.237.6:8000, CDS(8).
INFO    ( 4:27:27:650 |   11)  14086; [ch0] **VOS response to login request (res 0 elapsed 280, server ts 1549600047658, s-c:8) from 103.230.251.244:4006, and current dest server 103.230.251.244:4006
INFO    ( 4:27:27:650 |    0)  14086; updateActiveVosList: ["103.230.251.244:4006"]
INFO    ( 4:27:27:650 |    0)  14086; [che] start call begins
INFO    ( 4:27:27:650 |    0)  14086; Set Application Mode in RTC Engine to No. 0
ERROR   ( 4:27:27:650 |    0)  14086; GetCodec() invalid index (error=8004)
INFO    ( 4:27:27:650 |    0)  14086; SetCodec by type : No. 85
INFO    ( 4:27:27:651 |    1)  14086; StartPlayout complete
INFO    ( 4:27:27:651 |    0)  14086; output: kDummyAudio
INFO    ( 4:27:27:661 |   10)  14086; StartRecording complete
WARN    ( 4:27:27:661 |    0)  14086; SetAgcStatus() failed to set Agc mode (error=10028)
INFO    ( 4:27:27:661 |    0)  14086; Application Config module:  Route 0, NS on, AEC on, AGC on, BSS off, HC on
INFO    ( 4:27:27:661 |    0)  14086; MID = 0, Routing = 0
INFO    ( 4:27:27:661 |    0)  14086; [che] applyVideoProfile: 640x360 15 fps 500 kbps, orientationMode 2
INFO    ( 4:27:27:661 |    0)  14086; validateVideoParameters: validate video parameters resolution 640x360, fps 15, rate 500000
INFO    ( 4:27:27:661 |    0)  14086; setMaxVideoBitrate: max bitrate=500000
INFO    ( 4:27:27:661 |    0)  14086; setCodecRates: set frame rate to 15
INFO    ( 4:27:27:661 |    0)  14086; setCodec: index=1 width=360 height=640 framerate=15
INFO    ( 4:27:27:661 |    0)  14086; setCodecResolution: set to 360 x 640
INFO    ( 4:27:27:661 |    0)  14086; VideoSendTrackImpl::UpdateCapturer capturer=0x7fc260176860
INFO    ( 4:27:27:661 |    0)  14086; CreateVideoCapturer: interface=0x7fc260176860
INFO    ( 4:27:27:661 |    0)  14086; Create participant 0
INFO    ( 4:27:27:661 |    0)  14086; startCapture: device? 1024 init? 1 local enabled? 1 capturing? 0 rendering? 0
INFO    ( 4:27:27:661 |    0)  14086; VideoSendTrackImpl::UpdateCapturer capturer=0x7fc260176860
WARN    ( 4:27:27:661 |    0)  14086; VideoSendTrackImpl::UpdateCapturer, Ignore updating the same capturer
INFO    ( 4:27:27:661 |    0)  14086; startCapture: Receive Only Mode, capture still on. Encode will be turned off
INFO    ( 4:27:27:661 |    0)  14086; [rtpSender] set paced sender status 0.

INFO    ( 4:27:27:661 |    0)  14086; AgoraVideoInput::Init thread=1, type=100, device=External Device
INFO    ( 4:27:27:668 |    7)  14094; Thread with name:AgoraInputThread started 
INFO    ( 4:27:27:669 |    1)  14095; Thread with name:ExternalCaptureThread started 
INFO    ( 4:27:27:669 |    0)  14086; setCodec: index=1 width=360 height=640 framerate=15
INFO    ( 4:27:27:669 |    0)  14086; setMaxVideoBitrate: max bitrate=500000
INFO    ( 4:27:27:669 |    0)  14086; SetTargetWidthHeight width:640, height:360
INFO    ( 4:27:27:669 |    0)  14086; AgoraVideoInput::Start width=360, height=640, fps=15
INFO    ( 4:27:27:671 |    2)  14096; Thread with name:WebRtc_event_timer_thread started 
INFO    ( 4:27:27:671 |    0)  14086; startCapture: startCapture success
INFO    ( 4:27:27:671 |    0)  14086; EnableLowBitRateStream: dual streams enabled 1
INFO    ( 4:27:27:671 |    0)  14086; RequestEncodeKeyFrame
INFO    ( 4:27:27:671 |    0)  14086; doStartLocalRender: init? 1 capture id -1 device 1024 capturing? 1 rendering? 0
INFO    ( 4:27:27:671 |    0)  14086; doStartLocalRender: Receive Only Mode, local renderer still on.
INFO    ( 4:27:27:671 |    0)  14086; doStartLocalRender: init? 1 capture id -1 device 1024 capturing? 1 rendering? 0
INFO    ( 4:27:27:671 |    0)  14086; doStartLocalRender: Receive Only Mode, local renderer still on.
INFO    ( 4:27:27:671 |    0)  14086; [che] start call returns 0, elapsed 21
INFO    ( 4:27:27:671 |    0)  14086; Setting dtx mode to 2
INFO    ( 4:27:27:671 |    0)  14086; setNetEQMinimumPlayoutDelay delay(100)
INFO    ( 4:27:27:671 |    0)  14086; join channel success: cname 'abc' uid 728410058 elapsed 301
INFO    ( 4:27:27:671 |    0)  14086; CacheManager: save cache to storage elapsed 0
INFO    ( 4:27:27:672 |    1)  14087; User 728410058 join channel abc success, elapsed: 301 ms
INFO    ( 4:27:27:675 |    3)  14077; Channel eventIds: mix mode:1 , min port:-1 , max port:-1 ,decode audio:0 , decode_video:0 , live:0 , idle:10 , audio only:0, video_only 0,syslog facility:8 , mix mode height:640 , mix mode width:360 , mix mode fps:1 
INFO    ( 4:27:27:677 |    2)  14086; [rp] {"che.audio.specify.codec":"AACLC"}
INFO    ( 4:27:27:677 |    0)  14086; SetCodec is specified to be AACLC
ERROR   ( 4:27:27:677 |    0)  14086; GetCodec() invalid index (error=8004)
INFO    ( 4:27:27:677 |    0)  14086; enforced setCodec, set by specifyCodec
INFO    ( 4:27:27:677 |    0)  14086; SetCodec by type : No. 75
INFO    ( 4:27:27:678 |    1)  14086; [rp] {"che.audio.audienceMode":false}
INFO    ( 4:27:27:678 |    0)  14086; [rp] {"che.video.audienceMode":false}
INFO    ( 4:27:27:678 |    0)  14086; [rp] {"che.video.server_mode":true}
INFO    ( 4:27:27:678 |    0)  14086; switchServerMode : mosaic=1
INFO    ( 4:27:27:678 |    0)  14086; AgoraVideoInput::Stop
INFO    ( 4:27:27:688 |   10)  14086; AgoraVideoInput::Destroy
INFO    ( 4:27:27:769 |   81)  14086; stopCapture: stopCapture success
INFO    ( 4:27:27:769 |    0)  14086; [rtpSender] set paced sender status 0.

INFO    ( 4:27:27:769 |    0)  14086; setCaptureDevice: index=1024
INFO    ( 4:27:27:769 |    0)  14086; VideoSendTrackImpl::UpdateCapturer capturer=0x7fc260176860
WARN    ( 4:27:27:769 |    0)  14086; VideoSendTrackImpl::UpdateCapturer, Ignore updating the same capturer
INFO    ( 4:27:27:769 |    0)  14086; startCapture: device? 1024 init? 1 local enabled? 1 capturing? 0 rendering? 0
INFO    ( 4:27:27:769 |    0)  14086; VideoSendTrackImpl::UpdateCapturer capturer=0x7fc260176860
WARN    ( 4:27:27:769 |    0)  14086; VideoSendTrackImpl::UpdateCapturer, Ignore updating the same capturer
INFO    ( 4:27:27:769 |    0)  14086; [rtpSender] set paced sender status 0.

INFO    ( 4:27:27:769 |    0)  14086; AgoraVideoInput::Init thread=1, type=100, device=External Device
INFO    ( 4:27:27:774 |    5)  14097; Thread with name:AgoraInputThread started 
INFO    ( 4:27:27:775 |    1)  14098; Thread with name:ExternalCaptureThread started 
INFO    ( 4:27:27:775 |    0)  14086; setCodec: index=1 width=360 height=640 framerate=15
INFO    ( 4:27:27:775 |    0)  14086; setMaxVideoBitrate: max bitrate=500000
INFO    ( 4:27:27:775 |    0)  14086; SetTargetWidthHeight width:360, height:640
INFO    ( 4:27:27:775 |    0)  14086; AgoraVideoInput::Start width=360, height=640, fps=15
INFO    ( 4:27:27:777 |    2)  14099; Thread with name:WebRtc_event_timer_thread started 
INFO    ( 4:27:27:777 |    0)  14086; startCapture: startCapture success
INFO    ( 4:27:27:777 |    0)  14086; EnableLowBitRateStream: dual streams enabled 1
INFO    ( 4:27:27:777 |    0)  14086; RequestEncodeKeyFrame
INFO    ( 4:27:27:777 |    0)  14086; doStartLocalRender: init? 1 capture id -1 device 1024 capturing? 1 rendering? 0
INFO    ( 4:27:27:777 |    0)  14086; Recording JoinEvent Argus report.......
INFO    ( 4:27:27:777 |    0)  14086; [ch0] rtt: 106
INFO    ( 4:27:27:814 |   37)  14086; [vocs/u] **responsed from 123.155.153.69:8000, 3 vos, elapsed 444, server ts 1549600047584, wan ip 35.******.199
INFO    ( 4:27:27:847 |   33)  14097; [che] onVideoSizeChanged: uid 0 360x640 rotate 0
INFO    ( 4:27:27:848 |    1)  14093; VQC module init done. stream no 0, mode 0, structure 257, scenario 512, preference 0.
INFO    ( 4:27:27:848 |    0)  14093; Encoder rc method 3
INFO    ( 4:27:27:941 |   93)  14086; [ap/u] **responsed from 42.202.132.197:8000, STUN(2).
INFO    ( 4:27:27:941 |    0)  14086; [stun] added server: 128.1.127.138:7000
INFO    ( 4:27:27:941 |    0)  14086; [stun] added server: 199.190.44.132:7000
INFO    ( 4:27:27:941 |    0)  14086; [stun] added server: 107.155.29.138:7000
INFO    ( 4:27:27:941 |    0)  14086; [stun] selected: 107.155.29.138:7000
INFO    ( 4:27:27:941 |    0)  14086; [stun10] login strategy=2
INFO    ( 4:27:27:941 |    0)  14086; [stun10] localip is 10.146.0.2, address: 0.0.0.0:58207, port: 58207, combined: 10.146.0.2:58207, ip: 33591818, port: 24547
INFO    ( 4:27:27:941 |    0)  14086; [stun] selected: 199.190.44.132:7000
INFO    ( 4:27:27:941 |    0)  14086; [stun11] login strategy=2
INFO    ( 4:27:27:941 |    0)  14086; [stun11] localip is 10.146.0.2, address: 0.0.0.0:58207, port: 58207, combined: 10.146.0.2:58207, ip: 33591818, port: 24547
INFO    ( 4:27:27:946 |    5)  14086; [stun10] onLoggedIn with code: 0
INFO    ( 4:27:27:958 |   12)  14086; [ap/u] **responsed from 220.194.237.6:8000, STUN(2).
INFO    ( 4:27:27:958 |    0)  14086; [stun] added server: 199.190.44.133:7000
INFO    ( 4:27:27:992 |   34)  14086; [stun11] onLoggedIn with code: 0
INFO    ( 4:27:29:521 |    0)  14086; audio setPeerAudioMuteStatus: uid 3553546496 muted 0
INFO    ( 4:27:29:521 |    0)  14086; video setPeerVideoMuteStatus: uid 3553546496 muted 1
INFO    ( 4:27:29:521 |    0)  14086; [pm] peer 3553546496 is online
INFO    ( 4:27:29:521 |    0)  14086; notifyPeerCount: cnt 1
INFO    ( 4:27:29:521 |    0)  14086; [pm] peer 3553546496 has enabled video
INFO    ( 4:27:29:521 |    0)  14086; video setPeerVideoMuteStatus: uid 3553546496 muted 1
INFO    ( 4:27:29:521 |    0)  14086; [pm] peer 3553546496 has enabled local video
INFO    ( 4:27:29:521 |    0)  14086; video setPeerVideoMuteStatus: uid 3553546496 muted 0
INFO    ( 4:27:29:521 |    0)  14087; offset 2150ms: 3553546496 joined the channel
INFO    ( 4:27:29:521 |    0)  14087; User 3553546496 request 0 stream
INFO    ( 4:27:29:521 |    0)  14087; User 3553546496 enabled video 1
INFO    ( 4:27:29:521 |    0)  14087; User 3553546496 enabled local video 1
INFO    ( 4:27:29:528 |    7)  14077; SET_VIDEO_MIXING_LAYOUT_URI
INFO    ( 4:27:29:528 |    0)  14077; Layout: { client ms: 0, canvas: { width: 360, height: 640, bgnd: 2341340 }, Regions: [ -741420800, x: 0, y: 0, width: 1, height: 1, alpha: 255, render_mode: 0, zorder: NotSet}]
INFO    ( 4:27:29:528 |    0)  14077; set mixing video layout count: 1
INFO    ( 4:27:29:529 |    1)  14086; [rp] {"rtc.video.set_remote_video_stream":{"uid":3553546496,"stream":0},"che.video.setstream":{"uid":3553546496,"stream":0}}
INFO    ( 4:27:29:529 |    0)  14086; switchStream (3553546496): current -1 lastRequested -1 newRequested 0
INFO    ( 4:27:29:529 |    0)  14086; switchStream (uid 3553546496 fromNetOb 0): switch to 0
INFO    ( 4:27:29:529 |    0)  14086; [cc] request to switch user 3553546496 video stream to 0
INFO    ( 4:27:29:870 |  341)  14086; onTracerFirstRemoteVideo uid 3553546496 codec 4 elapsed 2500
INFO    ( 4:27:29:870 |    0)  14086; Create participant 3553546496
INFO    ( 4:27:29:870 |    0)  14086; Codec: VP8, Payload type 100, Height 360, Width 640, Bitrate 200,Framerate 15.
INFO    ( 4:27:29:870 |    0)  14086; Codec: H264, Payload type 107, Height 360, Width 640, Bitrate 200,Framerate 15.
INFO    ( 4:27:29:873 |    3)  14100; Thread with name:videoDecodeThread started 
INFO    ( 4:27:29:876 |    3)  14100; Destroy decoder.
INFO    ( 4:27:29:877 |    1)  14100; Finish init decoder.
INFO    ( 4:27:29:879 |    2)  14100; [che] onVideoSizeChanged: uid 3553546496 640x360 rotate 90
INFO    ( 4:27:29:880 |    1)  14086; [MIO] updateRemoteRenderer for uid(3553546496) with render((nil)), type(1)
INFO    ( 4:27:29:880 |    0)  14086; CreateVideoReceiveTrack: uid=3553546496
INFO    ( 4:27:29:880 |    0)  14086; CreateAgoraDefaultRender
INFO    ( 4:27:29:880 |    0)  14086; VideoReceiveTrackImpl::UpdateRenderer, track_id=-741420800, renderer=0x7fc2603a4970
INFO    ( 4:27:29:880 |    0)  14086; CreateVideoRenderer: interface=0x7fc2603a4970
INFO    ( 4:27:29:880 |    0)  14086; checkLayoutAndAssignStreams: doesn't use auto assign stream, use new policy.
INFO    ( 4:27:29:880 |    0)  14086; doStartRemoteRender: uid 3553546496
INFO    ( 4:27:29:880 |    0)  14086; checkLayoutAndAssignStreams: doesn't use auto assign stream, use new policy.
INFO    ( 4:27:29:880 |    0)  14086; doStartRemoteRender: uid 3553546496
INFO    ( 4:27:29:880 |    0)  14086; onRemoteFirstFrameDecoded user 3553546496 resolution 640 * 360, elapsed 2509
INFO    ( 4:27:29:881 |    1)  14087; onFirstRemoteVideoDecoded User -741420800
INFO    ( 4:27:29:890 |    9)  14086; onFirstRemoteAudioFrame uid 3553546496 codec 85 elapsed 2520
INFO    ( 4:27:29:890 |    0)  14086; onTracerFirstRemoteAudio uid 3553546496 codec 85 elapsed 2520
INFO    ( 4:27:32:380 |    0)  14086; [rs] **report stats: seq: 25, report list size 0, tx/rx: 4407/1200, cache size: 0
INFO    ( 4:27:33:661 |  281)  14088; Audio statistics - play count: playout count = 200  signal level: far_in = 34
INFO    ( 4:27:33:671 |   10)  14088; Audio statistics - rec count: record count = 201 signal level: near_in = 0, near_out = 0 encode_in = 34
INFO    ( 4:27:34:941 |  270)  14086; audio setPeerAudioMuteStatus: uid 747105751 muted 0
INFO    ( 4:27:34:941 |    0)  14086; video setPeerVideoMuteStatus: uid 747105751 muted 1
INFO    ( 4:27:34:941 |    0)  14086; [pm] peer 747105751 is online
INFO    ( 4:27:34:941 |    0)  14086; notifyPeerCount: cnt 2
INFO    ( 4:27:34:941 |    0)  14086; [pm] peer 747105751 has enabled video
INFO    ( 4:27:34:941 |    0)  14086; video setPeerVideoMuteStatus: uid 747105751 muted 1
INFO    ( 4:27:34:941 |    0)  14086; [pm] peer 747105751 has enabled local video
INFO    ( 4:27:34:941 |    0)  14086; video setPeerVideoMuteStatus: uid 747105751 muted 0
INFO    ( 4:27:34:941 |    0)  14087; offset 7571ms: 747105751 joined the channel
INFO    ( 4:27:34:941 |    0)  14087; User 747105751 request 0 stream
INFO    ( 4:27:34:941 |    0)  14087; User 747105751 enabled video 1
INFO    ( 4:27:34:941 |    0)  14087; User 747105751 enabled local video 1
INFO    ( 4:27:34:948 |    7)  14077; SET_VIDEO_MIXING_LAYOUT_URI
INFO    ( 4:27:34:948 |    0)  14077; Layout: { client ms: 0, canvas: { width: 360, height: 640, bgnd: 2341340 }, Regions: [ -741420800, x: 0, y: 0, width: 1, height: 1, alpha: 255, render_mode: 0, zorder: NotSet}]
INFO    ( 4:27:34:948 |    0)  14077; Layout: { client ms: 0, canvas: { width: 360, height: 640, bgnd: 2341340 }, Regions: [ 747105751, x: 0.0119934, y: 0.861053, width: 0.234985, height: 0.132187, alpha: 255, render_mode: 0, zorder: NotSet}]
INFO    ( 4:27:34:948 |    0)  14077; set mixing video layout count: 2
INFO    ( 4:27:34:948 |    0)  14086; [rp] {"rtc.video.set_remote_video_stream":{"uid":747105751,"stream":0},"che.video.setstream":{"uid":747105751,"stream":0}}
INFO    ( 4:27:34:948 |    0)  14086; switchStream (747105751): current -1 lastRequested -1 newRequested 0
INFO    ( 4:27:34:948 |    0)  14086; switchStream (uid 747105751 fromNetOb 0): switch to 0
INFO    ( 4:27:34:948 |    0)  14086; [cc] request to switch user 747105751 video stream to 0
INFO    ( 4:27:35:291 |    0)  14086; onTracerFirstRemoteVideo uid 747105751 codec 4 elapsed 7921
INFO    ( 4:27:35:291 |    0)  14086; Create participant 747105751
INFO    ( 4:27:35:291 |    0)  14086; Codec: VP8, Payload type 100, Height 360, Width 640, Bitrate 200,Framerate 15.
INFO    ( 4:27:35:291 |    0)  14086; Codec: H264, Payload type 107, Height 360, Width 640, Bitrate 200,Framerate 15.
INFO    ( 4:27:35:294 |    3)  14101; Thread with name:videoDecodeThread started 
INFO    ( 4:27:35:296 |    2)  14101; Destroy decoder.
INFO    ( 4:27:35:297 |    1)  14101; Finish init decoder.
INFO    ( 4:27:35:299 |    2)  14101; [che] onVideoSizeChanged: uid 747105751 640x360 rotate 90
INFO    ( 4:27:35:299 |    0)  14086; [MIO] updateRemoteRenderer for uid(747105751) with render((nil)), type(1)
INFO    ( 4:27:35:299 |    0)  14086; CreateVideoReceiveTrack: uid=747105751
INFO    ( 4:27:35:299 |    0)  14086; CreateAgoraDefaultRender
INFO    ( 4:27:35:299 |    0)  14086; VideoReceiveTrackImpl::UpdateRenderer, track_id=747105751, renderer=0x7fc2603d2e40
INFO    ( 4:27:35:299 |    0)  14086; CreateVideoRenderer: interface=0x7fc2603d2e40
INFO    ( 4:27:35:299 |    0)  14086; checkLayoutAndAssignStreams: doesn't use auto assign stream, use new policy.
INFO    ( 4:27:35:299 |    0)  14086; doStartRemoteRender: uid 747105751
INFO    ( 4:27:35:299 |    0)  14086; checkLayoutAndAssignStreams: doesn't use auto assign stream, use new policy.
INFO    ( 4:27:35:299 |    0)  14086; doStartRemoteRender: uid 747105751
INFO    ( 4:27:35:299 |    0)  14086; onRemoteFirstFrameDecoded user 747105751 resolution 640 * 360, elapsed 7929
INFO    ( 4:27:35:300 |    1)  14087; onFirstRemoteVideoDecoded User 747105751
INFO    ( 4:27:35:301 |    1)  14086; onFirstRemoteAudioFrame uid 747105751 codec 85 elapsed 7931
INFO    ( 4:27:35:301 |    0)  14086; onTracerFirstRemoteAudio uid 747105751 codec 85 elapsed 7931
INFO    ( 4:27:43:457 |  156)  14077; [ARS/15s]event cnts:3, audio pkts:0, mix audio pkts:0, yuv video pkts:0, h264 video pkts:0
INFO    ( 4:27:47:663 |  206)  14088; Audio statistics - play count: playout count = 600  signal level: far_in = 34
INFO    ( 4:27:47:671 |    8)  14088; Audio statistics - rec count: record count = 600 signal level: near_in = 0, near_out = 0 encode_in = 34
INFO    ( 4:27:50:881 |  210)  14086; [pm] peer 747105751 is offline: quit(0)
INFO    ( 4:27:50:881 |    0)  14086; stopRemoteVideo: uid=747105751
INFO    ( 4:27:50:881 |    0)  14087; User 747105751 quit
INFO    ( 4:27:50:885 |    4)  14077; SET_VIDEO_MIXING_LAYOUT_URI
INFO    ( 4:27:50:885 |    0)  14077; Layout: { client ms: 0, canvas: { width: 360, height: 640, bgnd: 2341340 }, Regions: [ -741420800, x: 0, y: 0, width: 1, height: 1, alpha: 255, render_mode: 0, zorder: NotSet}]
INFO    ( 4:27:50:885 |    0)  14077; set mixing video layout count: 3
INFO    ( 4:27:50:894 |    9)  14086; Destroy decoder.
INFO    ( 4:27:50:894 |    0)  14086; Destroy decoder.
INFO    ( 4:27:50:894 |    0)  14086; DestroyVideoReceiveTrack: uid=747105751
INFO    ( 4:27:50:894 |    0)  14086; VideoReceiveTrackImpl::UpdateRenderer, track_id=747105751, renderer=(nil)
INFO    ( 4:27:50:894 |    0)  14086; CreateVideoRenderer: interface=(nil)
INFO    ( 4:27:50:894 |    0)  14086; [MIO] video receive track for uid[747105751] been removed
INFO    ( 4:27:50:894 |    0)  14086; audio setPeerAudioMuteStatus: uid 747105751 muted 1
INFO    ( 4:27:51:651 |    0)  14086; notifyPeerCount: cnt 1
INFO    ( 4:27:52:887 |  236)  14077; event_loop Required to stop :0
WARN    ( 4:27:52:887 |    0)  14077; Before cleanup cnt 1, errno 11 4, joined_ 1, term_sig 1, leave path code 18
INFO    ( 4:27:52:887 |    0)  14077; Leaving channel and ready to cleanup
INFO    ( 4:27:52:888 |    1)  14077; API call to leave channel
INFO    ( 4:27:52:893 |    5)  14086; Recording LeaveEvent Argus report.......
INFO    ( 4:27:52:893 |    0)  14086; [rp] {"rtc.audio.mute_peers":true}
INFO    ( 4:27:52:893 |    0)  14086; [ds]: ver 2 ds '{"streamType":4}'
INFO    ( 4:27:52:893 |    0)  14086; [ch0] sync (cid:1814354847, uid:728410058, sync:2): 103.230.251.244:4006
INFO    ( 4:27:52:893 |    0)  14086; audio setPeerAudioMuteStatus: uid 3553546496 muted 1
INFO    ( 4:27:52:893 |    0)  14086; [rp] {"rtc.video.mute_peers":true}
WARN    ( 4:27:52:893 |    0)  14086; [pm] resetVideoStream expects role of 1 but 0 detected
INFO    ( 4:27:52:893 |    0)  14086; video setPeerVideoMuteStatus: uid 3553546496 muted 1
INFO    ( 4:27:52:893 |    0)  14086; [cm] emit leave channel signal
INFO    ( 4:27:52:894 |    1)  14086; stopLocalRender
INFO    ( 4:27:52:894 |    0)  14086; stopLocalRender success
INFO    ( 4:27:52:894 |    0)  14086; AgoraVideoInput::Stop
INFO    ( 4:27:52:904 |   10)  14086; AgoraVideoInput::Destroy
INFO    ( 4:27:52:964 |   60)  14086; stopCapture: stopCapture success
INFO    ( 4:27:52:964 |    0)  14086; [rtpSender] set paced sender status 0.

INFO    ( 4:27:52:965 |    1)  14086; stopRemoteRender
INFO    ( 4:27:52:965 |    0)  14086; stopRemoteVideo: uid=747105751
INFO    ( 4:27:52:965 |    0)  14086; stopRemoteVideo: uid=3553546496
INFO    ( 4:27:52:975 |   10)  14086; Destroy decoder.
INFO    ( 4:27:52:975 |    0)  14086; Destroy decoder.
INFO    ( 4:27:52:975 |    0)  14086; [che] stopCall begins
INFO    ( 4:27:52:975 |    0)  14086; StopRecording complete
INFO    ( 4:27:52:975 |    0)  14086; StopPlayout complete
INFO    ( 4:27:52:975 |    0)  14086; [che] stop call returns 0, elapsed 0
INFO    ( 4:27:52:976 |    1)  14086; [rs] **report stats: seq: 86, report list size 7, tx/rx: 12902/3792, cache size: 0
INFO    ( 4:27:52:976 |    0)  14086; **CALL STATS: duration 25s, tx 61.895K bytes, rx 2.80M bytes, total 2.142M bytes
INFO    ( 4:27:52:976 |    0)  14086; CacheManager: save cache to storage elapsed 0
INFO    ( 4:27:52:976 |    0)  14086; [ch0] vos destroyed
INFO    ( 4:27:52:976 |    0)  14086; delRef of media engine, ref=0
INFO    ( 4:27:52:976 |    0)  14086; [che] chat engine destroying
INFO    ( 4:27:52:976 |    0)  14086; stopLocalRender
INFO    ( 4:27:52:976 |    0)  14086; stopLocalRender success
WARN    ( 4:27:52:976 |    0)  14086; stopCapture: VideoEngine haven't startCapture
INFO    ( 4:27:52:976 |    0)  14086; stopRemoteRender
INFO    ( 4:27:52:976 |    0)  14086; stopRemoteVideo: uid=747105751
INFO    ( 4:27:52:976 |    0)  14086; stopRemoteVideo: uid=3553546496
INFO    ( 4:27:52:976 |    0)  14086; [che] stopCall begins
INFO    ( 4:27:52:976 |    0)  14086; [che] stop call returns -1, elapsed 0
INFO    ( 4:27:52:976 |    0)  14086; DestroyVideoReceiveTrack: uid=3553546496
INFO    ( 4:27:52:976 |    0)  14086; VideoReceiveTrackImpl::UpdateRenderer, track_id=-741420800, renderer=(nil)
INFO    ( 4:27:52:976 |    0)  14086; CreateVideoRenderer: interface=(nil)
INFO    ( 4:27:52:976 |    0)  14086; stopLocalRender
INFO    ( 4:27:52:976 |    0)  14086; stopLocalRender success
INFO    ( 4:27:52:976 |    0)  14086; stopRemoteRender
INFO    ( 4:27:52:976 |    0)  14086; stopRemoteVideo: uid=747105751
INFO    ( 4:27:52:976 |    0)  14086; stopRemoteVideo: uid=3553546496
WARN    ( 4:27:52:976 |    0)  14086; stopCapture: VideoEngine haven't startCapture
INFO    ( 4:27:52:987 |   11)  14086; PipelineManager::SetDest  engine = (nil)
WARN    ( 4:27:52:987 |    0)  14086; terminate: VideoEngine haven't init
INFO    ( 4:27:52:987 |    0)  14086; [DEBUGG] ViERenderManager Destructor, engine_id: 0
INFO    ( 4:27:53: 69 |    0)  14086; Delete participant 747105751
INFO    ( 4:27:53: 69 |    0)  14086; Delete participant 3553546496
INFO    ( 4:27:53: 69 |    0)  14086; AgoraCameraCapture::Dispose
INFO    ( 4:27:53: 69 |    0)  14086; VideoSendTrackImpl::UpdateCapturer capturer=(nil)
INFO    ( 4:27:53: 69 |    0)  14086; CreateVideoCapturer: interface=(nil)
INFO    ( 4:27:53: 69 |    0)  14086; VideoSendTrackImpl::UpdateRenderer, renderer=(nil)
INFO    ( 4:27:53: 69 |    0)  14086; CreateVideoRenderer: interface=(nil)
INFO    ( 4:27:53:100 |   31)  14086; [che] chat engine destroyed
INFO    ( 4:27:53:100 |    0)  14086; ***CALL END
INFO    ( 4:27:53:100 |    0)  14086; onAudioStatusChanged enable audio
INFO    ( 4:27:53:100 |    0)  14086; [MIO] media io controller destroyed
INFO    ( 4:27:53:101 |    1)  14077; async task worker thread exited gracefully
